# JRE version: OpenJDK Runtime Environment (8.0_242-b01) (build 1.8.0_242-release-1644-b01)
# Java VM: OpenJDK 64-Bit Server VM (25.242-b01 mixed mode windows-amd64 compressed oops)
Heap:
 PSYoungGen      total 133632K, used 10884K [0x00000000d5580000, 0x00000000e4700000, 0x0000000100000000)
  eden space 121344K, 8% used [0x00000000d5580000,0x00000000d60211d8,0x00000000dcc00000)
  from space 12288K, 0% used [0x00000000dcc00000,0x00000000dcc00000,0x00000000dd800000)
  to   space 11776K, 0% used [0x00000000e3b80000,0x00000000e3b80000,0x00000000e4700000)
 ParOldGen       total 81408K, used 15494K [0x0000000080000000, 0x0000000084f80000, 0x00000000d5580000)
  object space 81408K, 19% used [0x0000000080000000,0x0000000080f21b50,0x0000000084f80000)
 Metaspace       used 34884K, capacity 35922K, committed 36136K, reserved 1081344K
  class space    used 4788K, capacity 5062K, committed 5168K, reserved 1048576K
GC Heap History (10 events):
Event: 6.826 GC heap before
{Heap before GC invocations=5 (full 1):
 PSYoungGen      total 76288K, used 7465K [0x00000000d5580000, 0x00000000dea80000, 0x0000000100000000)
  eden space 65536K, 0% used [0x00000000d5580000,0x00000000d5580000,0x00000000d9580000)
  from space 10752K, 69% used [0x00000000da000000,0x00000000da74a478,0x00000000daa80000)
  to   space 10752K, 0% used [0x00000000d9580000,0x00000000d9580000,0x00000000da000000)
 ParOldGen       total 175104K, used 1511K [0x0000000080000000, 0x000000008ab00000, 0x00000000d5580000)
  object space 175104K, 0% used [0x0000000080000000,0x0000000080179d88,0x000000008ab00000)
 Metaspace       used 20594K, capacity 21240K, committed 21296K, reserved 1067008K
  class space    used 2883K, capacity 3088K, committed 3120K, reserved 1048576K
Event: 6.866 GC heap after
Heap after GC invocations=5 (full 1):
 PSYoungGen      total 76288K, used 0K [0x00000000d5580000, 0x00000000dea80000, 0x0000000100000000)
  eden space 65536K, 0% used [0x00000000d5580000,0x00000000d5580000,0x00000000d9580000)
  from space 10752K, 0% used [0x00000000da000000,0x00000000da000000,0x00000000daa80000)
  to   space 10752K, 0% used [0x00000000d9580000,0x00000000d9580000,0x00000000da000000)
 ParOldGen       total 81408K, used 7257K [0x0000000080000000, 0x0000000084f80000, 0x00000000d5580000)
  object space 81408K, 8% used [0x0000000080000000,0x0000000080716460,0x0000000084f80000)
 Metaspace       used 20594K, capacity 21240K, committed 21296K, reserved 1067008K
  class space    used 2883K, capacity 3088K, committed 3120K, reserved 1048576K
}
Event: 7.634 GC heap before
{Heap before GC invocations=6 (full 1):
 PSYoungGen      total 76288K, used 65536K [0x00000000d5580000, 0x00000000dea80000, 0x0000000100000000)
  eden space 65536K, 100% used [0x00000000d5580000,0x00000000d9580000,0x00000000d9580000)
  from space 10752K, 0% used [0x00000000da000000,0x00000000da000000,0x00000000daa80000)
  to   space 10752K, 0% used [0x00000000d9580000,0x00000000d9580000,0x00000000da000000)
 ParOldGen       total 81408K, used 7257K [0x0000000080000000, 0x0000000084f80000, 0x00000000d5580000)
  object space 81408K, 8% used [0x0000000080000000,0x0000000080716460,0x0000000084f80000)
 Metaspace       used 28213K, capacity 28928K, committed 29232K, reserved 1075200K
  class space    used 3895K, capacity 4131K, committed 4144K, reserved 1048576K
Event: 7.641 GC heap after
Heap after GC invocations=6 (full 1):
 PSYoungGen      total 76288K, used 8028K [0x00000000d5580000, 0x00000000de680000, 0x0000000100000000)
  eden space 65536K, 0% used [0x00000000d5580000,0x00000000d5580000,0x00000000d9580000)
  from space 10752K, 74% used [0x00000000d9580000,0x00000000d9d57078,0x00000000da000000)
  to   space 12800K, 0% used [0x00000000dda00000,0x00000000dda00000,0x00000000de680000)
 ParOldGen       total 81408K, used 7265K [0x0000000080000000, 0x0000000084f80000, 0x00000000d5580000)
  object space 81408K, 8% used [0x0000000080000000,0x0000000080718460,0x0000000084f80000)
 Metaspace       used 28213K, capacity 28928K, committed 29232K, reserved 1075200K
  class space    used 3895K, capacity 4131K, committed 4144K, reserved 1048576K
}
Event: 8.335 GC heap before
{Heap before GC invocations=7 (full 1):
 PSYoungGen      total 76288K, used 73564K [0x00000000d5580000, 0x00000000de680000, 0x0000000100000000)
  eden space 65536K, 100% used [0x00000000d5580000,0x00000000d9580000,0x00000000d9580000)
  from space 10752K, 74% used [0x00000000d9580000,0x00000000d9d57078,0x00000000da000000)
  to   space 12800K, 0% used [0x00000000dda00000,0x00000000dda00000,0x00000000de680000)
 ParOldGen       total 81408K, used 7265K [0x0000000080000000, 0x0000000084f80000, 0x00000000d5580000)
  object space 81408K, 8% used [0x0000000080000000,0x0000000080718460,0x0000000084f80000)
 Metaspace       used 32225K, capacity 33060K, committed 33328K, reserved 1077248K
  class space    used 4394K, capacity 4613K, committed 4656K, reserved 1048576K
Event: 8.344 GC heap after
Heap after GC invocations=7 (full 1):
 PSYoungGen      total 131584K, used 8663K [0x00000000d5580000, 0x00000000de400000, 0x0000000100000000)
  eden space 121344K, 0% used [0x00000000d5580000,0x00000000d5580000,0x00000000dcc00000)
  from space 10240K, 84% used [0x00000000dda00000,0x00000000de275c40,0x00000000de400000)
  to   space 12288K, 0% used [0x00000000dcc00000,0x00000000dcc00000,0x00000000dd800000)
 ParOldGen       total 81408K, used 7273K [0x0000000080000000, 0x0000000084f80000, 0x00000000d5580000)
  object space 81408K, 8% used [0x0000000080000000,0x000000008071a460,0x0000000084f80000)
 Metaspace       used 32225K, capacity 33060K, committed 33328K, reserved 1077248K
  class space    used 4394K, capacity 4613K, committed 4656K, reserved 1048576K
}
Event: 8.811 GC heap before
{Heap before GC invocations=8 (full 1):
 PSYoungGen      total 131584K, used 59840K [0x00000000d5580000, 0x00000000de400000, 0x0000000100000000)
  eden space 121344K, 42% used [0x00000000d5580000,0x00000000d877a700,0x00000000dcc00000)
  from space 10240K, 84% used [0x00000000dda00000,0x00000000de275c40,0x00000000de400000)
  to   space 12288K, 0% used [0x00000000dcc00000,0x00000000dcc00000,0x00000000dd800000)
 ParOldGen       total 81408K, used 7273K [0x0000000080000000, 0x0000000084f80000, 0x00000000d5580000)
  object space 81408K, 8% used [0x0000000080000000,0x000000008071a460,0x0000000084f80000)
 Metaspace       used 34532K, capacity 35442K, committed 35496K, reserved 1079296K
  class space    used 4741K, capacity 5006K, committed 5040K, reserved 1048576K
Event: 8.824 GC heap after
Heap after GC invocations=8 (full 1):
 PSYoungGen      total 133632K, used 8656K [0x00000000d5580000, 0x00000000e4700000, 0x0000000100000000)
  eden space 121344K, 0% used [0x00000000d5580000,0x00000000d5580000,0x00000000dcc00000)
  from space 12288K, 70% used [0x00000000dcc00000,0x00000000dd4743d8,0x00000000dd800000)
  to   space 11776K, 0% used [0x00000000e3b80000,0x00000000e3b80000,0x00000000e4700000)
 ParOldGen       total 81408K, used 7281K [0x0000000080000000, 0x0000000084f80000, 0x00000000d5580000)
  object space 81408K, 8% used [0x0000000080000000,0x000000008071c460,0x0000000084f80000)
 Metaspace       used 34532K, capacity 35442K, committed 35496K, reserved 1079296K
  class space    used 4741K, capacity 5006K, committed 5040K, reserved 1048576K
}
Event: 8.824 GC heap before
{Heap before GC invocations=9 (full 2):
 PSYoungGen      total 133632K, used 8656K [0x00000000d5580000, 0x00000000e4700000, 0x0000000100000000)
  eden space 121344K, 0% used [0x00000000d5580000,0x00000000d5580000,0x00000000dcc00000)
  from space 12288K, 70% used [0x00000000dcc00000,0x00000000dd4743d8,0x00000000dd800000)
  to   space 11776K, 0% used [0x00000000e3b80000,0x00000000e3b80000,0x00000000e4700000)
 ParOldGen       total 81408K, used 7281K [0x0000000080000000, 0x0000000084f80000, 0x00000000d5580000)
  object space 81408K, 8% used [0x0000000080000000,0x000000008071c460,0x0000000084f80000)
 Metaspace       used 34532K, capacity 35442K, committed 35496K, reserved 1079296K
  class space    used 4741K, capacity 5006K, committed 5040K, reserved 1048576K
Event: 8.978 GC heap after
Heap after GC invocations=9 (full 2):
 PSYoungGen      total 133632K, used 0K [0x00000000d5580000, 0x00000000e4700000, 0x0000000100000000)
  eden space 121344K, 0% used [0x00000000d5580000,0x00000000d5580000,0x00000000dcc00000)
  from space 12288K, 0% used [0x00000000dcc00000,0x00000000dcc00000,0x00000000dd800000)
  to   space 11776K, 0% used [0x00000000e3b80000,0x00000000e3b80000,0x00000000e4700000)
 ParOldGen       total 81408K, used 15494K [0x0000000080000000, 0x0000000084f80000, 0x00000000d5580000)
  object space 81408K, 19% used [0x0000000080000000,0x0000000080f21b50,0x0000000084f80000)
 Metaspace       used 34532K, capacity 35442K, committed 35496K, reserved 1079296K
  class space    used 4741K, capacity 5006K, committed 5040K, reserved 1048576K
}

