# JRE version: OpenJDK Runtime Environment (8.0_242-b01) (build 1.8.0_242-release-1644-b01)
# Java VM: OpenJDK 64-Bit Server VM (25.242-b01 mixed mode windows-amd64 compressed oops)
Heap:
 PSYoungGen      total 132096K, used 113907K [0x00000000d5580000, 0x00000000de400000, 0x0000000100000000)
  eden space 121344K, 85% used [0x00000000d5580000,0x00000000dba40468,0x00000000dcc00000)
  from space 10752K, 99% used [0x00000000dd980000,0x00000000de3fc890,0x00000000de400000)
  to   space 12288K, 0% used [0x00000000dcc00000,0x00000000dcc00000,0x00000000dd800000)
 ParOldGen       total 126464K, used 20141K [0x0000000080000000, 0x0000000087b80000, 0x00000000d5580000)
  object space 126464K, 15% used [0x0000000080000000,0x00000000813ab490,0x0000000087b80000)
 Metaspace       used 53677K, capacity 55646K, committed 55976K, reserved 1097728K
  class space    used 7300K, capacity 7744K, committed 7856K, reserved 1048576K
GC Heap History (10 events):
Event: 7.765 GC heap before
{Heap before GC invocations=6 (full 1):
 PSYoungGen      total 76288K, used 65536K [0x00000000d5580000, 0x00000000dea80000, 0x0000000100000000)
  eden space 65536K, 100% used [0x00000000d5580000,0x00000000d9580000,0x00000000d9580000)
  from space 10752K, 0% used [0x00000000da000000,0x00000000da000000,0x00000000daa80000)
  to   space 10752K, 0% used [0x00000000d9580000,0x00000000d9580000,0x00000000da000000)
 ParOldGen       total 81920K, used 7257K [0x0000000080000000, 0x0000000085000000, 0x00000000d5580000)
  object space 81920K, 8% used [0x0000000080000000,0x0000000080716648,0x0000000085000000)
 Metaspace       used 28216K, capacity 28928K, committed 29232K, reserved 1075200K
  class space    used 3895K, capacity 4131K, committed 4144K, reserved 1048576K
Event: 7.776 GC heap after
Heap after GC invocations=6 (full 1):
 PSYoungGen      total 76288K, used 8008K [0x00000000d5580000, 0x00000000de600000, 0x0000000100000000)
  eden space 65536K, 0% used [0x00000000d5580000,0x00000000d5580000,0x00000000d9580000)
  from space 10752K, 74% used [0x00000000d9580000,0x00000000d9d52320,0x00000000da000000)
  to   space 12800K, 0% used [0x00000000dd980000,0x00000000dd980000,0x00000000de600000)
 ParOldGen       total 81920K, used 7265K [0x0000000080000000, 0x0000000085000000, 0x00000000d5580000)
  object space 81920K, 8% used [0x0000000080000000,0x0000000080718648,0x0000000085000000)
 Metaspace       used 28216K, capacity 28928K, committed 29232K, reserved 1075200K
  class space    used 3895K, capacity 4131K, committed 4144K, reserved 1048576K
}
Event: 8.529 GC heap before
{Heap before GC invocations=7 (full 1):
 PSYoungGen      total 76288K, used 73544K [0x00000000d5580000, 0x00000000de600000, 0x0000000100000000)
  eden space 65536K, 100% used [0x00000000d5580000,0x00000000d9580000,0x00000000d9580000)
  from space 10752K, 74% used [0x00000000d9580000,0x00000000d9d52320,0x00000000da000000)
  to   space 12800K, 0% used [0x00000000dd980000,0x00000000dd980000,0x00000000de600000)
 ParOldGen       total 81920K, used 7265K [0x0000000080000000, 0x0000000085000000, 0x00000000d5580000)
  object space 81920K, 8% used [0x0000000080000000,0x0000000080718648,0x0000000085000000)
 Metaspace       used 32232K, capacity 33060K, committed 33328K, reserved 1077248K
  class space    used 4391K, capacity 4613K, committed 4656K, reserved 1048576K
Event: 8.544 GC heap after
Heap after GC invocations=7 (full 1):
 PSYoungGen      total 132096K, used 8664K [0x00000000d5580000, 0x00000000de400000, 0x0000000100000000)
  eden space 121344K, 0% used [0x00000000d5580000,0x00000000d5580000,0x00000000dcc00000)
  from space 10752K, 80% used [0x00000000dd980000,0x00000000de1f6348,0x00000000de400000)
  to   space 12288K, 0% used [0x00000000dcc00000,0x00000000dcc00000,0x00000000dd800000)
 ParOldGen       total 81920K, used 7273K [0x0000000080000000, 0x0000000085000000, 0x00000000d5580000)
  object space 81920K, 8% used [0x0000000080000000,0x000000008071a648,0x0000000085000000)
 Metaspace       used 32232K, capacity 33060K, committed 33328K, reserved 1077248K
  class space    used 4391K, capacity 4613K, committed 4656K, reserved 1048576K
}
Event: 9.026 GC heap before
{Heap before GC invocations=8 (full 1):
 PSYoungGen      total 132096K, used 59638K [0x00000000d5580000, 0x00000000de400000, 0x0000000100000000)
  eden space 121344K, 42% used [0x00000000d5580000,0x00000000d87477b0,0x00000000dcc00000)
  from space 10752K, 80% used [0x00000000dd980000,0x00000000de1f6348,0x00000000de400000)
  to   space 12288K, 0% used [0x00000000dcc00000,0x00000000dcc00000,0x00000000dd800000)
 ParOldGen       total 81920K, used 7273K [0x0000000080000000, 0x0000000085000000, 0x00000000d5580000)
  object space 81920K, 8% used [0x0000000080000000,0x000000008071a648,0x0000000085000000)
 Metaspace       used 34557K, capacity 35442K, committed 35496K, reserved 1079296K
  class space    used 4741K, capacity 5006K, committed 5040K, reserved 1048576K
Event: 9.040 GC heap after
Heap after GC invocations=8 (full 1):
 PSYoungGen      total 133632K, used 8780K [0x00000000d5580000, 0x00000000de400000, 0x0000000100000000)
  eden space 121344K, 0% used [0x00000000d5580000,0x00000000d5580000,0x00000000dcc00000)
  from space 12288K, 71% used [0x00000000dcc00000,0x00000000dd4931a8,0x00000000dd800000)
  to   space 10752K, 0% used [0x00000000dd980000,0x00000000dd980000,0x00000000de400000)
 ParOldGen       total 81920K, used 7281K [0x0000000080000000, 0x0000000085000000, 0x00000000d5580000)
  object space 81920K, 8% used [0x0000000080000000,0x000000008071c648,0x0000000085000000)
 Metaspace       used 34557K, capacity 35442K, committed 35496K, reserved 1079296K
  class space    used 4741K, capacity 5006K, committed 5040K, reserved 1048576K
}
Event: 9.040 GC heap before
{Heap before GC invocations=9 (full 2):
 PSYoungGen      total 133632K, used 8780K [0x00000000d5580000, 0x00000000de400000, 0x0000000100000000)
  eden space 121344K, 0% used [0x00000000d5580000,0x00000000d5580000,0x00000000dcc00000)
  from space 12288K, 71% used [0x00000000dcc00000,0x00000000dd4931a8,0x00000000dd800000)
  to   space 10752K, 0% used [0x00000000dd980000,0x00000000dd980000,0x00000000de400000)
 ParOldGen       total 81920K, used 7281K [0x0000000080000000, 0x0000000085000000, 0x00000000d5580000)
  object space 81920K, 8% used [0x0000000080000000,0x000000008071c648,0x0000000085000000)
 Metaspace       used 34557K, capacity 35442K, committed 35496K, reserved 1079296K
  class space    used 4741K, capacity 5006K, committed 5040K, reserved 1048576K
Event: 9.163 GC heap after
Heap after GC invocations=9 (full 2):
 PSYoungGen      total 133632K, used 0K [0x00000000d5580000, 0x00000000de400000, 0x0000000100000000)
  eden space 121344K, 0% used [0x00000000d5580000,0x00000000d5580000,0x00000000dcc00000)
  from space 12288K, 0% used [0x00000000dcc00000,0x00000000dcc00000,0x00000000dd800000)
  to   space 10752K, 0% used [0x00000000dd980000,0x00000000dd980000,0x00000000de400000)
 ParOldGen       total 126464K, used 15513K [0x0000000080000000, 0x0000000087b80000, 0x00000000d5580000)
  object space 126464K, 12% used [0x0000000080000000,0x0000000080f265a0,0x0000000087b80000)
 Metaspace       used 34557K, capacity 35442K, committed 35496K, reserved 1079296K
  class space    used 4741K, capacity 5006K, committed 5040K, reserved 1048576K
}
Event: 11.104 GC heap before
{Heap before GC invocations=10 (full 2):
 PSYoungGen      total 133632K, used 121344K [0x00000000d5580000, 0x00000000de400000, 0x0000000100000000)
  eden space 121344K, 100% used [0x00000000d5580000,0x00000000dcc00000,0x00000000dcc00000)
  from space 12288K, 0% used [0x00000000dcc00000,0x00000000dcc00000,0x00000000dd800000)
  to   space 10752K, 0% used [0x00000000dd980000,0x00000000dd980000,0x00000000de400000)
 ParOldGen       total 126464K, used 15513K [0x0000000080000000, 0x0000000087b80000, 0x00000000d5580000)
  object space 126464K, 12% used [0x0000000080000000,0x0000000080f265a0,0x0000000087b80000)
 Metaspace       used 44469K, capacity 46036K, committed 46120K, reserved 1089536K
  class space    used 6025K, capacity 6398K, committed 6448K, reserved 1048576K
Event: 11.122 GC heap after
Heap after GC invocations=10 (full 2):
 PSYoungGen      total 132096K, used 10738K [0x00000000d5580000, 0x00000000de400000, 0x0000000100000000)
  eden space 121344K, 0% used [0x00000000d5580000,0x00000000d5580000,0x00000000dcc00000)
  from space 10752K, 99% used [0x00000000dd980000,0x00000000de3fc890,0x00000000de400000)
  to   space 12288K, 0% used [0x00000000dcc00000,0x00000000dcc00000,0x00000000dd800000)
 ParOldGen       total 126464K, used 20141K [0x0000000080000000, 0x0000000087b80000, 0x00000000d5580000)
  object space 126464K, 15% used [0x0000000080000000,0x00000000813ab490,0x0000000087b80000)
 Metaspace       used 44469K, capacity 46036K, committed 46120K, reserved 1089536K
  class space    used 6025K, capacity 6398K, committed 6448K, reserved 1048576K
}

