# JRE version: OpenJDK Runtime Environment (8.0_242-b01) (build 1.8.0_242-release-1644-b01)
# Java VM: OpenJDK 64-Bit Server VM (25.242-b01 mixed mode windows-amd64 compressed oops)
Heap:
 PSYoungGen      total 131072K, used 24454K [0x00000000d5580000, 0x00000000e3f00000, 0x0000000100000000)
  eden space 118784K, 20% used [0x00000000d5580000,0x00000000d6d61838,0x00000000dc980000)
  from space 12288K, 0% used [0x00000000dc980000,0x00000000dc980000,0x00000000dd580000)
  to   space 11776K, 0% used [0x00000000e3380000,0x00000000e3380000,0x00000000e3f00000)
 ParOldGen       total 84480K, used 15561K [0x0000000080000000, 0x0000000085280000, 0x00000000d5580000)
  object space 84480K, 18% used [0x0000000080000000,0x0000000080f32450,0x0000000085280000)
 Metaspace       used 35267K, capacity 36468K, committed 36648K, reserved 1081344K
  class space    used 4856K, capacity 5155K, committed 5168K, reserved 1048576K
GC Heap History (10 events):
Event: 6.817 GC heap before
{Heap before GC invocations=5 (full 1):
 PSYoungGen      total 76288K, used 7587K [0x00000000d5580000, 0x00000000dea80000, 0x0000000100000000)
  eden space 65536K, 0% used [0x00000000d5580000,0x00000000d5580000,0x00000000d9580000)
  from space 10752K, 70% used [0x00000000da000000,0x00000000da768ec8,0x00000000daa80000)
  to   space 10752K, 0% used [0x00000000d9580000,0x00000000d9580000,0x00000000da000000)
 ParOldGen       total 175104K, used 1539K [0x0000000080000000, 0x000000008ab00000, 0x00000000d5580000)
  object space 175104K, 0% used [0x0000000080000000,0x0000000080180c60,0x000000008ab00000)
 Metaspace       used 20591K, capacity 21240K, committed 21296K, reserved 1067008K
  class space    used 2884K, capacity 3088K, committed 3120K, reserved 1048576K
Event: 6.858 GC heap after
Heap after GC invocations=5 (full 1):
 PSYoungGen      total 76288K, used 0K [0x00000000d5580000, 0x00000000dea80000, 0x0000000100000000)
  eden space 65536K, 0% used [0x00000000d5580000,0x00000000d5580000,0x00000000d9580000)
  from space 10752K, 0% used [0x00000000da000000,0x00000000da000000,0x00000000daa80000)
  to   space 10752K, 0% used [0x00000000d9580000,0x00000000d9580000,0x00000000da000000)
 ParOldGen       total 84480K, used 7333K [0x0000000080000000, 0x0000000085280000, 0x00000000d5580000)
  object space 84480K, 8% used [0x0000000080000000,0x00000000807296e0,0x0000000085280000)
 Metaspace       used 20591K, capacity 21240K, committed 21296K, reserved 1067008K
  class space    used 2884K, capacity 3088K, committed 3120K, reserved 1048576K
}
Event: 7.661 GC heap before
{Heap before GC invocations=6 (full 1):
 PSYoungGen      total 76288K, used 65536K [0x00000000d5580000, 0x00000000dea80000, 0x0000000100000000)
  eden space 65536K, 100% used [0x00000000d5580000,0x00000000d9580000,0x00000000d9580000)
  from space 10752K, 0% used [0x00000000da000000,0x00000000da000000,0x00000000daa80000)
  to   space 10752K, 0% used [0x00000000d9580000,0x00000000d9580000,0x00000000da000000)
 ParOldGen       total 84480K, used 7333K [0x0000000080000000, 0x0000000085280000, 0x00000000d5580000)
  object space 84480K, 8% used [0x0000000080000000,0x00000000807296e0,0x0000000085280000)
 Metaspace       used 28218K, capacity 28928K, committed 29232K, reserved 1075200K
  class space    used 3896K, capacity 4131K, committed 4144K, reserved 1048576K
Event: 7.668 GC heap after
Heap after GC invocations=6 (full 1):
 PSYoungGen      total 76288K, used 7948K [0x00000000d5580000, 0x00000000de400000, 0x0000000100000000)
  eden space 65536K, 0% used [0x00000000d5580000,0x00000000d5580000,0x00000000d9580000)
  from space 10752K, 73% used [0x00000000d9580000,0x00000000d9d43148,0x00000000da000000)
  to   space 12800K, 0% used [0x00000000dd780000,0x00000000dd780000,0x00000000de400000)
 ParOldGen       total 84480K, used 7341K [0x0000000080000000, 0x0000000085280000, 0x00000000d5580000)
  object space 84480K, 8% used [0x0000000080000000,0x000000008072b6e0,0x0000000085280000)
 Metaspace       used 28218K, capacity 28928K, committed 29232K, reserved 1075200K
  class space    used 3896K, capacity 4131K, committed 4144K, reserved 1048576K
}
Event: 8.367 GC heap before
{Heap before GC invocations=7 (full 1):
 PSYoungGen      total 76288K, used 73484K [0x00000000d5580000, 0x00000000de400000, 0x0000000100000000)
  eden space 65536K, 100% used [0x00000000d5580000,0x00000000d9580000,0x00000000d9580000)
  from space 10752K, 73% used [0x00000000d9580000,0x00000000d9d43148,0x00000000da000000)
  to   space 12800K, 0% used [0x00000000dd780000,0x00000000dd780000,0x00000000de400000)
 ParOldGen       total 84480K, used 7341K [0x0000000080000000, 0x0000000085280000, 0x00000000d5580000)
  object space 84480K, 8% used [0x0000000080000000,0x000000008072b6e0,0x0000000085280000)
 Metaspace       used 32217K, capacity 33060K, committed 33328K, reserved 1077248K
  class space    used 4393K, capacity 4613K, committed 4656K, reserved 1048576K
Event: 8.378 GC heap after
Heap after GC invocations=7 (full 1):
 PSYoungGen      total 129024K, used 8638K [0x00000000d5580000, 0x00000000de180000, 0x0000000100000000)
  eden space 118784K, 0% used [0x00000000d5580000,0x00000000d5580000,0x00000000dc980000)
  from space 10240K, 84% used [0x00000000dd780000,0x00000000ddfef938,0x00000000de180000)
  to   space 12288K, 0% used [0x00000000dc980000,0x00000000dc980000,0x00000000dd580000)
 ParOldGen       total 84480K, used 7349K [0x0000000080000000, 0x0000000085280000, 0x00000000d5580000)
  object space 84480K, 8% used [0x0000000080000000,0x000000008072d6e0,0x0000000085280000)
 Metaspace       used 32217K, capacity 33060K, committed 33328K, reserved 1077248K
  class space    used 4393K, capacity 4613K, committed 4656K, reserved 1048576K
}
Event: 8.917 GC heap before
{Heap before GC invocations=8 (full 1):
 PSYoungGen      total 129024K, used 58850K [0x00000000d5580000, 0x00000000de180000, 0x0000000100000000)
  eden space 118784K, 42% used [0x00000000d5580000,0x00000000d8689298,0x00000000dc980000)
  from space 10240K, 84% used [0x00000000dd780000,0x00000000ddfef938,0x00000000de180000)
  to   space 12288K, 0% used [0x00000000dc980000,0x00000000dc980000,0x00000000dd580000)
 ParOldGen       total 84480K, used 7349K [0x0000000080000000, 0x0000000085280000, 0x00000000d5580000)
  object space 84480K, 8% used [0x0000000080000000,0x000000008072d6e0,0x0000000085280000)
 Metaspace       used 34547K, capacity 35438K, committed 35496K, reserved 1079296K
  class space    used 4744K, capacity 5006K, committed 5040K, reserved 1048576K
Event: 8.932 GC heap after
Heap after GC invocations=8 (full 1):
 PSYoungGen      total 131072K, used 8852K [0x00000000d5580000, 0x00000000e3f00000, 0x0000000100000000)
  eden space 118784K, 0% used [0x00000000d5580000,0x00000000d5580000,0x00000000dc980000)
  from space 12288K, 72% used [0x00000000dc980000,0x00000000dd2252e8,0x00000000dd580000)
  to   space 11776K, 0% used [0x00000000e3380000,0x00000000e3380000,0x00000000e3f00000)
 ParOldGen       total 84480K, used 7357K [0x0000000080000000, 0x0000000085280000, 0x00000000d5580000)
  object space 84480K, 8% used [0x0000000080000000,0x000000008072f6e0,0x0000000085280000)
 Metaspace       used 34547K, capacity 35438K, committed 35496K, reserved 1079296K
  class space    used 4744K, capacity 5006K, committed 5040K, reserved 1048576K
}
Event: 8.932 GC heap before
{Heap before GC invocations=9 (full 2):
 PSYoungGen      total 131072K, used 8852K [0x00000000d5580000, 0x00000000e3f00000, 0x0000000100000000)
  eden space 118784K, 0% used [0x00000000d5580000,0x00000000d5580000,0x00000000dc980000)
  from space 12288K, 72% used [0x00000000dc980000,0x00000000dd2252e8,0x00000000dd580000)
  to   space 11776K, 0% used [0x00000000e3380000,0x00000000e3380000,0x00000000e3f00000)
 ParOldGen       total 84480K, used 7357K [0x0000000080000000, 0x0000000085280000, 0x00000000d5580000)
  object space 84480K, 8% used [0x0000000080000000,0x000000008072f6e0,0x0000000085280000)
 Metaspace       used 34547K, capacity 35438K, committed 35496K, reserved 1079296K
  class space    used 4744K, capacity 5006K, committed 5040K, reserved 1048576K
Event: 9.003 GC heap after
Heap after GC invocations=9 (full 2):
 PSYoungGen      total 131072K, used 0K [0x00000000d5580000, 0x00000000e3f00000, 0x0000000100000000)
  eden space 118784K, 0% used [0x00000000d5580000,0x00000000d5580000,0x00000000dc980000)
  from space 12288K, 0% used [0x00000000dc980000,0x00000000dc980000,0x00000000dd580000)
  to   space 11776K, 0% used [0x00000000e3380000,0x00000000e3380000,0x00000000e3f00000)
 ParOldGen       total 84480K, used 15561K [0x0000000080000000, 0x0000000085280000, 0x00000000d5580000)
  object space 84480K, 18% used [0x0000000080000000,0x0000000080f32450,0x0000000085280000)
 Metaspace       used 34547K, capacity 35438K, committed 35496K, reserved 1079296K
  class space    used 4744K, capacity 5006K, committed 5040K, reserved 1048576K
}

